c:\users\halsti\desktop\pg4400-12-c---programmering-master\laboppgaver\lab_04\sdl2_standardproject\sdl2_standardproject\debug\vc110.pdb
c:\users\halsti\desktop\pg4400-12-c---programmering-master\laboppgaver\lab_04\sdl2_standardproject\sdl2_standardproject\debug\main.obj
c:\users\halsti\desktop\pg4400-12-c---programmering-master\laboppgaver\lab_04\sdl2_standardproject\sdl2_standardproject\debug\gamemanager.obj
c:\users\halsti\desktop\pg4400-12-c---programmering-master\laboppgaver\lab_04\sdl2_standardproject\debug\sdl2_standardproject.ilk
c:\users\halsti\desktop\pg4400-12-c---programmering-master\laboppgaver\lab_04\sdl2_standardproject\debug\sdl2_standardproject.exe
c:\users\halsti\desktop\pg4400-12-c---programmering-master\laboppgaver\lab_04\sdl2_standardproject\debug\sdl2_standardproject.pdb
e:\programmer\pg4400\grafikkeksempler\pg4400_06_loesningsforslag\debug\oppgaven.ilk
e:\programmer\pg4400\grafikkeksempler\pg4400_06_loesningsforslag\debug\oppgaven.exe
e:\programmer\pg4400\grafikkeksempler\pg4400_06_loesningsforslag\debug\oppgaven.pdb
e:\programmer\pg4400\grafikkeksempler\oppgaven\debug\oppgaven.ilk
e:\programmer\pg4400\grafikkeksempler\oppgaven\debug\oppgaven.exe
e:\programmer\pg4400\grafikkeksempler\oppgaven\debug\oppgaven.pdb
e:\programmer\pg4400\grafikkeksempler\oppgaven\sdl2_standardproject\debug\timer.obj
e:\programmer\pg4400\grafikkeksempler\oppgaven\sdl2_standardproject\debug\inputmanager.obj
e:\programmer\pg4400\grafikkeksempler\oppgaven\sdl2_standardproject\debug\sdlerror.obj
e:\programmer\pg4400\grafikkeksempler\oppgaven\sdl2_standardproject\debug\sdlmanager.obj
e:\programmer\pg4400\grafikkeksempler\oppgaven\sdl2_standardproject\debug\main.obj
e:\programmer\pg4400\grafikkeksempler\oppgaven\sdl2_standardproject\debug\sdlbmp.obj
e:\programmer\pg4400\grafikkeksempler\oppgaven\sdl2_standardproject\debug\gamemanager.obj
e:\programmer\pg4400\grafikkeksempler\oppgaven\sdl2_standardproject\debug\vc140.pdb
e:\programmer\pg4400\grafikkeksempler\pg4400_06_loesningsforslag\sdl2_standardproject\debug\timer.obj
e:\programmer\pg4400\grafikkeksempler\pg4400_06_loesningsforslag\sdl2_standardproject\debug\inputmanager.obj
e:\programmer\pg4400\grafikkeksempler\pg4400_06_loesningsforslag\sdl2_standardproject\debug\sdlerror.obj
e:\programmer\pg4400\grafikkeksempler\pg4400_06_loesningsforslag\sdl2_standardproject\debug\sdlbmp.obj
e:\programmer\pg4400\grafikkeksempler\pg4400_06_loesningsforslag\sdl2_standardproject\debug\main.obj
e:\programmer\pg4400\grafikkeksempler\pg4400_06_loesningsforslag\sdl2_standardproject\debug\gamemanager.obj
e:\programmer\pg4400\grafikkeksempler\pg4400_06_loesningsforslag\sdl2_standardproject\debug\sdlmanager.obj
e:\programmer\pg4400\grafikkeksempler\pg4400_06_loesningsforslag\sdl2_standardproject\debug\vc140.pdb
e:\programmer\pg4400\grafikkeksempler\oppgaven\sdl2_standardproject\debug\sdl2_standardproject.res
e:\programmer\pg4400\grafikkeksempler\oppgaven\sdl2_standardproject\debug\oppgaven.res
e:\programmer\pg4400\grafikkeksempler\pg4400_06_loesningsforslag\sdl2_standardproject\debug\oppgaven.res
e:\programmer\pg4400\grafikkeksempler\oppgaven\sdl2_standardproject\debug\cl.1128.read.1.tlog
e:\programmer\pg4400\grafikkeksempler\oppgaven\sdl2_standardproject\debug\cl.1128.write.1.tlog
e:\programmer\pg4400\grafikkeksempler\oppgaven\sdl2_standardproject\debug\cl.1272.read.1.tlog
e:\programmer\pg4400\grafikkeksempler\oppgaven\sdl2_standardproject\debug\cl.1272.write.1.tlog
e:\programmer\pg4400\grafikkeksempler\oppgaven\sdl2_standardproject\debug\cl.272.read.1.tlog
e:\programmer\pg4400\grafikkeksempler\oppgaven\sdl2_standardproject\debug\cl.272.write.1.tlog
e:\programmer\pg4400\grafikkeksempler\oppgaven\sdl2_standardproject\debug\cl.3012.read.1.tlog
e:\programmer\pg4400\grafikkeksempler\oppgaven\sdl2_standardproject\debug\cl.3012.write.1.tlog
e:\programmer\pg4400\grafikkeksempler\oppgaven\sdl2_standardproject\debug\cl.3136.read.1.tlog
e:\programmer\pg4400\grafikkeksempler\oppgaven\sdl2_standardproject\debug\cl.3136.write.1.tlog
e:\programmer\pg4400\grafikkeksempler\oppgaven\sdl2_standardproject\debug\cl.3652.read.1.tlog
e:\programmer\pg4400\grafikkeksempler\oppgaven\sdl2_standardproject\debug\cl.3652.write.1.tlog
e:\programmer\pg4400\grafikkeksempler\oppgaven\sdl2_standardproject\debug\cl.4500.read.1.tlog
e:\programmer\pg4400\grafikkeksempler\oppgaven\sdl2_standardproject\debug\cl.4500.write.1.tlog
e:\programmer\pg4400\grafikkeksempler\oppgaven\sdl2_standardproject\debug\cl.768.read.1.tlog
e:\programmer\pg4400\grafikkeksempler\oppgaven\sdl2_standardproject\debug\cl.768.write.1.tlog
e:\programmer\pg4400\grafikkeksempler\oppgaven\sdl2_standardproject\debug\cl.784.read.1.tlog
e:\programmer\pg4400\grafikkeksempler\oppgaven\sdl2_standardproject\debug\cl.784.write.1.tlog
e:\programmer\pg4400\grafikkeksempler\oppgaven\sdl2_standardproject\debug\cl.command.1.tlog
e:\programmer\pg4400\grafikkeksempler\oppgaven\sdl2_standardproject\debug\cl.read.1.tlog
e:\programmer\pg4400\grafikkeksempler\oppgaven\sdl2_standardproject\debug\cl.write.1.tlog
e:\programmer\pg4400\grafikkeksempler\oppgaven\sdl2_standardproject\debug\link-cvtres.read.1.tlog
e:\programmer\pg4400\grafikkeksempler\oppgaven\sdl2_standardproject\debug\link-cvtres.write.1.tlog
e:\programmer\pg4400\grafikkeksempler\oppgaven\sdl2_standardproject\debug\link-rc.read.1.tlog
e:\programmer\pg4400\grafikkeksempler\oppgaven\sdl2_standardproject\debug\link-rc.write.1.tlog
e:\programmer\pg4400\grafikkeksempler\oppgaven\sdl2_standardproject\debug\link.command.1.tlog
e:\programmer\pg4400\grafikkeksempler\oppgaven\sdl2_standardproject\debug\link.read.1.tlog
e:\programmer\pg4400\grafikkeksempler\oppgaven\sdl2_standardproject\debug\link.write.1.tlog
e:\programmer\pg4400\grafikkeksempler\oppgaven\sdl2_standardproject\debug\vc110.idb
e:\programmer\pg4400\grafikkeksempler\oppgaven\sdl2_standardproject\debug\vc120.idb
e:\programmer\pg4400\grafikkeksempler\oppgaven\sdl2_standardproject\debug\vc140.idb
e:\programmer\pg4400\grafikkeksempler\oppgaven\sdl2_standardproject\debug\vc110.pdb
e:\programmer\pg4400\grafikkeksempler\oppgaven\sdl2_standardproject\debug\vc120.pdb
e:\programmer\pg4400\grafikkeksempler\oppgaven\sdl2_standardproject\debug\oppgaven.tlog\cl.command.1.tlog
e:\programmer\pg4400\grafikkeksempler\oppgaven\sdl2_standardproject\debug\oppgaven.tlog\rc.command.1.tlog
e:\programmer\pg4400\grafikkeksempler\oppgaven\sdl2_standardproject\debug\oppgaven.tlog\link.write.1.tlog
e:\programmer\pg4400\grafikkeksempler\oppgaven\sdl2_standardproject\debug\oppgaven.tlog\link.command.1.tlog
e:\programmer\pg4400\grafikkeksempler\oppgaven\sdl2_standardproject\debug\oppgaven.tlog\cl.read.1.tlog
e:\programmer\pg4400\grafikkeksempler\oppgaven\sdl2_standardproject\debug\oppgaven.tlog\rc.read.1.tlog
e:\programmer\pg4400\grafikkeksempler\oppgaven\sdl2_standardproject\debug\oppgaven.tlog\link.read.1.tlog
e:\programmer\pg4400\grafikkeksempler\oppgaven\sdl2_standardproject\debug\oppgaven.tlog\cl.write.1.tlog
e:\programmer\pg4400\grafikkeksempler\oppgaven\sdl2_standardproject\debug\oppgaven.tlog\rc.write.1.tlog
