C:\Program Files (x86)\MSBuild\Microsoft.Cpp\v4.0\V140\Microsoft.CppBuild.targets(392,5): warning MSB8028: The intermediate directory (Debug\) contains files shared from another project (SDL2_Standardproject.vcxproj).  This can lead to incorrect clean and rebuild behavior.
  GameManager.cpp
c:\users\jan erik\documents\github\cpp-prosjekter\oppgaven\sdl2_standardproject\gamemanager.cpp(152): warning C4244: '=': conversion from 'double' to 'int', possible loss of data
c:\users\jan erik\documents\github\cpp-prosjekter\oppgaven\sdl2_standardproject\gamemanager.cpp(153): warning C4244: '=': conversion from 'double' to 'int', possible loss of data
c:\users\jan erik\documents\github\cpp-prosjekter\oppgaven\sdl2_standardproject\gamemanager.cpp(158): warning C4244: '=': conversion from 'double' to 'int', possible loss of data
c:\users\jan erik\documents\github\cpp-prosjekter\oppgaven\sdl2_standardproject\gamemanager.cpp(163): warning C4244: '=': conversion from 'double' to 'int', possible loss of data
c:\users\jan erik\documents\github\cpp-prosjekter\oppgaven\sdl2_standardproject\gamemanager.cpp(168): warning C4244: '=': conversion from 'double' to 'int', possible loss of data
c:\users\jan erik\documents\github\cpp-prosjekter\oppgaven\sdl2_standardproject\gamemanager.cpp(173): warning C4244: '=': conversion from 'double' to 'int', possible loss of data
c:\users\jan erik\documents\github\cpp-prosjekter\oppgaven\sdl2_standardproject\gamemanager.cpp(178): warning C4244: '=': conversion from 'double' to 'int', possible loss of data
c:\users\jan erik\documents\github\cpp-prosjekter\oppgaven\sdl2_standardproject\gamemanager.cpp(183): warning C4244: '=': conversion from 'double' to 'int', possible loss of data
c:\users\jan erik\documents\github\cpp-prosjekter\oppgaven\sdl2_standardproject\gamemanager.cpp(188): warning C4244: '=': conversion from 'double' to 'int', possible loss of data
c:\users\jan erik\documents\github\cpp-prosjekter\oppgaven\sdl2_standardproject\gamemanager.cpp(193): warning C4244: '=': conversion from 'double' to 'int', possible loss of data
c:\users\jan erik\documents\github\cpp-prosjekter\oppgaven\sdl2_standardproject\gamemanager.cpp(198): warning C4244: '=': conversion from 'double' to 'int', possible loss of data
c:\users\jan erik\documents\github\cpp-prosjekter\oppgaven\sdl2_standardproject\gamemanager.cpp(203): warning C4244: '=': conversion from 'double' to 'int', possible loss of data
c:\users\jan erik\documents\github\cpp-prosjekter\oppgaven\sdl2_standardproject\gamemanager.cpp(210): warning C4244: '=': conversion from 'double' to 'int', possible loss of data
c:\users\jan erik\documents\github\cpp-prosjekter\oppgaven\sdl2_standardproject\gamemanager.cpp(215): warning C4244: '=': conversion from 'double' to 'int', possible loss of data
c:\users\jan erik\documents\github\cpp-prosjekter\oppgaven\sdl2_standardproject\gamemanager.cpp(220): warning C4244: '=': conversion from 'double' to 'int', possible loss of data
c:\users\jan erik\documents\github\cpp-prosjekter\oppgaven\sdl2_standardproject\gamemanager.cpp(225): warning C4244: '=': conversion from 'double' to 'int', possible loss of data
c:\users\jan erik\documents\github\cpp-prosjekter\oppgaven\sdl2_standardproject\gamemanager.cpp(230): warning C4244: '=': conversion from 'double' to 'int', possible loss of data
c:\users\jan erik\documents\github\cpp-prosjekter\oppgaven\sdl2_standardproject\gamemanager.cpp(235): warning C4244: '=': conversion from 'double' to 'int', possible loss of data
c:\users\jan erik\documents\github\cpp-prosjekter\oppgaven\sdl2_standardproject\gamemanager.cpp(240): warning C4244: '=': conversion from 'double' to 'int', possible loss of data
c:\users\jan erik\documents\github\cpp-prosjekter\oppgaven\sdl2_standardproject\gamemanager.cpp(149): warning C4700: uninitialized local variable 'randX' used
c:\users\jan erik\documents\github\cpp-prosjekter\oppgaven\sdl2_standardproject\gamemanager.cpp(150): warning C4700: uninitialized local variable 'randY' used
  SDL2_Standardproject.vcxproj -> C:\Users\Jan Erik\Documents\GitHub\Cpp-Prosjekter\Oppgaven\Debug\Oppgaven.exe
